<?xml version="1.0" encoding="UTF-8"?>
<!-- Generated by org.testng.reporters.JUnitReportReporter -->
<testsuite skipped="0" hostname="DESKTOP-U6VM877" name="tests.LoginDDT" tests="4" failures="0" timestamp="02 May 2019 08:04:58 GMT" time="0.035" errors="0">
  <testcase name="loginTest" time="0.003" classname="tests.LoginDDT"/>
  <testcase name="loginTest" time="0.003" classname="tests.LoginDDT"/>
  <testcase name="loginTest" time="0.003" classname="tests.LoginDDT"/>
  <testcase name="loginTest" time="0.026" classname="tests.LoginDDT"/>
</testsuite> <!-- tests.LoginDDT -->
